<?xml version="1.0" encoding="UTF-8"?>
<!-- Generated by org.testng.reporters.JUnitReportReporter -->
<testsuite hostname="inbl01lap1312" failures="0" tests="3" name="CICD_Practice.CICD_Practice.SampleTest" time="61.935" errors="0" timestamp="2021-05-13T12:26:35 PDT" skipped="0">
  <testcase classname="CICD_Practice.CICD_Practice.SampleTest" name="test1" time="19.982"/>
  <system-out/>
  <testcase classname="CICD_Practice.CICD_Practice.SampleTest" name="test3" time="17.942"/>
  <system-out/>
  <testcase classname="CICD_Practice.CICD_Practice.SampleTest" name="test2" time="24.011"/>
  <system-out/>
</testsuite> <!-- CICD_Practice.CICD_Practice.SampleTest -->
