<?xml version="1.0" encoding="UTF-8"?>
<!-- Generated by org.testng.reporters.JUnitReportReporter -->
<testsuite hostname="inbl01lap1312" failures="0" tests="1" name="CICD_Practice.CICD_Practice.AppTest" time="0.014" errors="0" timestamp="2021-05-13T12:26:36 PDT" skipped="0">
  <testcase classname="CICD_Practice.CICD_Practice.AppTest" name="shouldAnswerWithTrue" time="0.014"/>
  <system-out/>
</testsuite> <!-- CICD_Practice.CICD_Practice.AppTest -->
