<?xml version="1.0" encoding="UTF-8"?>
<!-- Generated by org.testng.reporters.JUnitReportReporter -->
<testsuite hostname="inbl01lap1312" failures="0" tests="3" name="CICD_Practice.CICD_Practice.SampleTest" time="62.393" errors="0" timestamp="2021-05-13T12:16:23 PDT" skipped="0">
  <testcase classname="CICD_Practice.CICD_Practice.SampleTest" name="test1" time="19.940"/>
  <system-out/>
  <testcase classname="CICD_Practice.CICD_Practice.SampleTest" name="test2" time="26.814"/>
  <system-out/>
  <testcase classname="CICD_Practice.CICD_Practice.SampleTest" name="test3" time="15.639"/>
  <system-out/>
</testsuite> <!-- CICD_Practice.CICD_Practice.SampleTest -->
